‚ùØ Building...
‚úî Building...
Application bundle generation failed. [28.696 seconds] - 2025-12-31T17:22:21.023Z

[31m‚úò [41;31m[[41;97mERROR[41;31m][0m [1mTS2353: Object literal may only specify known properties, and 'customSplits' does not exist in type '{ defaultSplit: string; allowCustomSplitsPerConsignor: boolean; allowCustomSplitsPerItem: boolean; }'.[0m [1m[35m[plugin angular-compiler][0m

    src/app/owner/settings/business/business-settings.component.spec.ts:17:6:
[37m      17 ‚îÇ       [32mcustomSplits[37m: []
         ‚ïµ       [32m~~~~~~~~~~~~[0m

  The expected type comes from property 'commission' which is declared here on type 'BusinessSettings'

    src/app/shared/interfaces/business.interfaces.ts:12:2:
[37m      12 ‚îÇ   [32mcommission[37m: {
         ‚ïµ   [32m~~~~~~~~~~[0m


[31m‚úò [41;31m[[41;97mERROR[41;31m][0m [1mTS2353: Object literal may only specify known properties, and 'enabled' does not exist in type '{ salesTaxRate: number; taxIncludedInPrices: boolean; chargeTaxOnShipping: boolean; taxIdEin?: string; }'.[0m [1m[35m[plugin angular-compiler][0m

    src/app/owner/settings/business/business-settings.component.spec.ts:20:6:
[37m      20 ‚îÇ       [32menabled[37m: false,
         ‚ïµ       [32m~~~~~~~[0m

  The expected type comes from property 'tax' which is declared here on type 'BusinessSettings'

    src/app/shared/interfaces/business.interfaces.ts:17:2:
[37m      17 ‚îÇ   [32mtax[37m: {
         ‚ïµ   [32m~~~[0m


[31m‚úò [41;31m[[41;97mERROR[41;31m][0m [1mTS2353: Object literal may only specify known properties, and 'method' does not exist in type '{ schedule: string; minimumAmount: number; holdPeriodDays: number; refundPolicy: "NoRefunds" | "WithinDays" | "UntilPayout"; refundWindowDays?: number; defaultPayoutMethod: "Check" | ... 4 more ... | "StoreCredit"; }'.[0m [1m[35m[plugin angular-compiler][0m

    src/app/owner/settings/business/business-settings.component.spec.ts:27:6:
[37m      27 ‚îÇ       [32mmethod[37m: 'check'
         ‚ïµ       [32m~~~~~~[0m

  The expected type comes from property 'payouts' which is declared here on type 'BusinessSettings'

    src/app/shared/interfaces/business.interfaces.ts:23:2:
[37m      23 ‚îÇ   [32mpayouts[37m: {
         ‚ïµ   [32m~~~~~~~[0m


[31m‚úò [41;31m[[41;97mERROR[41;31m][0m [1mTS2353: Object literal may only specify known properties, and 'submissionMode' does not exist in type '{ defaultConsignmentPeriodDays: number; enableAutoMarkdowns: boolean; markdownSchedule: { after30Days: number; after60Days: number; after90DaysAction: "donate" | "return"; }; }'.[0m [1m[35m[plugin angular-compiler][0m

    src/app/owner/settings/business/business-settings.component.spec.ts:30:6:
[37m      30 ‚îÇ       [32msubmissionMode[37m: 'owner_adds',
         ‚ïµ       [32m~~~~~~~~~~~~~~[0m

  The expected type comes from property 'items' which is declared here on type 'BusinessSettings'

    src/app/shared/interfaces/business.interfaces.ts:31:2:
[37m      31 ‚îÇ   [32mitems[37m: {
         ‚ïµ   [32m~~~~~[0m


[31m‚úò [41;31m[[41;97mERROR[41;31m][0m [1mTS2345: Argument of type '"showSuccess"' is not assignable to parameter of type 'never'.[0m [1m[35m[plugin angular-compiler][0m

    src/app/owner/settings/business/business-settings.component.spec.ts:86:21:
[37m      86 ‚îÇ     spyOn(component, [32m'showSuccess'[37m);
         ‚ïµ                      [32m~~~~~~~~~~~~~[0m


[31m‚úò [41;31m[[41;97mERROR[41;31m][0m [1mTS2341: Property 'showSuccess' is private and only accessible within class 'BusinessSettingsComponent'.[0m [1m[35m[plugin angular-compiler][0m

    src/app/owner/settings/business/business-settings.component.spec.ts:92:21:
[37m      92 ‚îÇ     expect(component.[32mshowSuccess[37m).toHaveBeenCalledWith('Business s...
         ‚ïµ                      [32m~~~~~~~~~~~[0m


[31m‚úò [41;31m[[41;97mERROR[41;31m][0m [1mTS2345: Argument of type '"showError"' is not assignable to parameter of type 'never'.[0m [1m[35m[plugin angular-compiler][0m

    src/app/owner/settings/business/business-settings.component.spec.ts:97:21:
[37m      97 ‚îÇ     spyOn(component, [32m'showError'[37m);
         ‚ïµ                      [32m~~~~~~~~~~~[0m


[31m‚úò [41;31m[[41;97mERROR[41;31m][0m [1mTS2341: Property 'showError' is private and only accessible within class 'BusinessSettingsComponent'.[0m [1m[35m[plugin angular-compiler][0m

    src/app/owner/settings/business/business-settings.component.spec.ts:104:21:
[37m      104 ‚îÇ     expect(component.[32mshowError[37m).toHaveBeenCalledWith('Failed to s...
          ‚ïµ                      [32m~~~~~~~~~[0m


[31m‚úò [41;31m[[41;97mERROR[41;31m][0m [1mTS2341: Property 'showSuccess' is private and only accessible within class 'BusinessSettingsComponent'.[0m [1m[35m[plugin angular-compiler][0m

    src/app/owner/settings/business/business-settings.component.spec.ts:108:14:
[37m      108 ‚îÇ     component.[32mshowSuccess[37m('Test message');
          ‚ïµ               [32m~~~~~~~~~~~[0m


[31m‚úò [41;31m[[41;97mERROR[41;31m][0m [1mTS2341: Property 'showError' is private and only accessible within class 'BusinessSettingsComponent'.[0m [1m[35m[plugin angular-compiler][0m

    src/app/owner/settings/business/business-settings.component.spec.ts:115:14:
[37m      115 ‚îÇ     component.[32mshowError[37m('Test error');
          ‚ïµ               [32m~~~~~~~~~[0m


[31m‚úò [41;31m[[41;97mERROR[41;31m][0m [1mTS2341: Property 'showSuccess' is private and only accessible within class 'BusinessSettingsComponent'.[0m [1m[35m[plugin angular-compiler][0m

    src/app/owner/settings/business/business-settings.component.spec.ts:122:14:
[37m      122 ‚îÇ     component.[32mshowSuccess[37m('Test message');
          ‚ïµ               [32m~~~~~~~~~~~[0m


