â¯ Building...
âœ” Building...
Application bundle generation failed. [29.226 seconds] - 2025-12-31T16:18:05.998Z

[31mâœ˜ [41;31m[[41;97mERROR[41;31m][0m [1mTS2304: Cannot find name 'flushInitialLoad'.[0m [1m[35m[plugin angular-compiler][0m

    src/app/owner/settings/profile/basic-info/store-profile-basic-info.component.spec.ts:72:4:
[37m      72 â”‚     [32mflushInitialLoad[37m(mockProfile);
         â•µ     [32m~~~~~~~~~~~~~~~~[0m


[31mâœ˜ [41;31m[[41;97mERROR[41;31m][0m [1mTS2304: Cannot find name 'flushInitialLoad'.[0m [1m[35m[plugin angular-compiler][0m

    src/app/owner/settings/profile/basic-info/store-profile-basic-info.component.spec.ts:90:4:
[37m      90 â”‚     [32mflushInitialLoad[37m();
         â•µ     [32m~~~~~~~~~~~~~~~~[0m


[31mâœ˜ [41;31m[[41;97mERROR[41;31m][0m [1mTS2304: Cannot find name 'flushInitialLoad'.[0m [1m[35m[plugin angular-compiler][0m

    src/app/owner/settings/profile/basic-info/store-profile-basic-info.component.spec.ts:114:4:
[37m      114 â”‚     [32mflushInitialLoad[37m();
          â•µ     [32m~~~~~~~~~~~~~~~~[0m


[31mâœ˜ [41;31m[[41;97mERROR[41;31m][0m [1mTS2304: Cannot find name 'flushInitialLoad'.[0m [1m[35m[plugin angular-compiler][0m

    src/app/owner/settings/profile/basic-info/store-profile-basic-info.component.spec.ts:129:4:
[37m      129 â”‚     [32mflushInitialLoad[37m();
          â•µ     [32m~~~~~~~~~~~~~~~~[0m


[31mâœ˜ [41;31m[[41;97mERROR[41;31m][0m [1mTS2304: Cannot find name 'flushInitialLoad'.[0m [1m[35m[plugin angular-compiler][0m

    src/app/owner/settings/profile/basic-info/store-profile-basic-info.component.spec.ts:147:4:
[37m      147 â”‚     [32mflushInitialLoad[37m();
          â•µ     [32m~~~~~~~~~~~~~~~~[0m


[31mâœ˜ [41;31m[[41;97mERROR[41;31m][0m [1mTS2304: Cannot find name 'flushInitialLoad'.[0m [1m[35m[plugin angular-compiler][0m

    src/app/owner/settings/profile/basic-info/store-profile-basic-info.component.spec.ts:168:4:
[37m      168 â”‚     [32mflushInitialLoad[37m();
          â•µ     [32m~~~~~~~~~~~~~~~~[0m


[31mâœ˜ [41;31m[[41;97mERROR[41;31m][0m [1mTS2304: Cannot find name 'flushInitialLoad'.[0m [1m[35m[plugin angular-compiler][0m

    src/app/owner/settings/profile/basic-info/store-profile-basic-info.component.spec.ts:179:4:
[37m      179 â”‚     [32mflushInitialLoad[37m();
          â•µ     [32m~~~~~~~~~~~~~~~~[0m


[31mâœ˜ [41;31m[[41;97mERROR[41;31m][0m [1mTS2304: Cannot find name 'flushInitialLoad'.[0m [1m[35m[plugin angular-compiler][0m

    src/app/owner/settings/profile/basic-info/store-profile-basic-info.component.spec.ts:192:4:
[37m      192 â”‚     [32mflushInitialLoad[37m();
          â•µ     [32m~~~~~~~~~~~~~~~~[0m


[31mâœ˜ [41;31m[[41;97mERROR[41;31m][0m [1mTS2304: Cannot find name 'httpMock'.[0m [1m[35m[plugin angular-compiler][0m

    src/app/owner/settings/profile/basic-info/store-profile-basic-info.component.spec.ts:217:16:
[37m      217 â”‚     const req = [32mhttpMock[37m.expectOne(apiUrl);
          â•µ                 [32m~~~~~~~~[0m


[31mâœ˜ [41;31m[[41;97mERROR[41;31m][0m [1mTS2304: Cannot find name 'flushInitialLoad'.[0m [1m[35m[plugin angular-compiler][0m

    src/app/owner/settings/profile/basic-info/store-profile-basic-info.component.spec.ts:242:4:
[37m      242 â”‚     [32mflushInitialLoad[37m();
          â•µ     [32m~~~~~~~~~~~~~~~~[0m


[31mâœ˜ [41;31m[[41;97mERROR[41;31m][0m [1mTS2304: Cannot find name 'httpMock'.[0m [1m[35m[plugin angular-compiler][0m

    src/app/owner/settings/profile/basic-info/store-profile-basic-info.component.spec.ts:248:4:
[37m      248 â”‚     [32mhttpMock[37m.expectNone(req => req.method === 'PUT');
          â•µ     [32m~~~~~~~~[0m


[31mâœ˜ [41;31m[[41;97mERROR[41;31m][0m [1mTS2304: Cannot find name 'flushInitialLoad'.[0m [1m[35m[plugin angular-compiler][0m

    src/app/owner/settings/profile/basic-info/store-profile-basic-info.component.spec.ts:256:4:
[37m      256 â”‚     [32mflushInitialLoad[37m();
          â•µ     [32m~~~~~~~~~~~~~~~~[0m


[31mâœ˜ [41;31m[[41;97mERROR[41;31m][0m [1mTS2304: Cannot find name 'httpMock'.[0m [1m[35m[plugin angular-compiler][0m

    src/app/owner/settings/profile/basic-info/store-profile-basic-info.component.spec.ts:281:16:
[37m      281 â”‚     const req = [32mhttpMock[37m.expectOne(apiUrl);
          â•µ                 [32m~~~~~~~~[0m


[31mâœ˜ [41;31m[[41;97mERROR[41;31m][0m [1mTS2304: Cannot find name 'flushInitialLoad'.[0m [1m[35m[plugin angular-compiler][0m

    src/app/owner/settings/profile/basic-info/store-profile-basic-info.component.spec.ts:291:4:
[37m      291 â”‚     [32mflushInitialLoad[37m();
          â•µ     [32m~~~~~~~~~~~~~~~~[0m


