
> temp-angular-project@0.0.1 test
> ng test

‚ùØ Building...
‚úî Building...
Application bundle generation failed. [28.550 seconds] - 2025-12-17T19:43:30.959Z

[31m‚úò [41;31m[[41;97mERROR[41;31m][0m [1mCould not resolve "./inventory-list.component"[0m

    src/app/owner/settings/business/business-settings.component.spec.ts:6:39:
[37m      6 ‚îÇ import { InventoryListComponent } from [32m'./inventory-list.component'[37m;
        ‚ïµ                                        [32m~~~~~~~~~~~~~~~~~~~~~~~~~~~~[0m


[31m‚úò [41;31m[[41;97mERROR[41;31m][0m [1mTS2307: Cannot find module './inventory-list.component' or its corresponding type declarations.[0m [1m[35m[plugin angular-compiler][0m

    src/app/owner/settings/business/business-settings.component.spec.ts:6:39:
[37m      6 ‚îÇ import { InventoryListComponent } from [32m'./inventory-list.component'[37m;
        ‚ïµ                                        [32m~~~~~~~~~~~~~~~~~~~~~~~~~~~~[0m


[31m‚úò [41;31m[[41;97mERROR[41;31m][0m [1mCould not resolve "../../services/inventory.service"[0m

    src/app/owner/settings/business/business-settings.component.spec.ts:7:33:
[37m      7 ‚îÇ import { InventoryService } from [32m'../../services/inventory.service'[37m;
        ‚ïµ                                  [32m~~~~~~~~~~~~~~~~~~~~~~~~~~~~~~~~~~[0m


[31m‚úò [41;31m[[41;97mERROR[41;31m][0m [1mTS2307: Cannot find module '../../services/inventory.service' or its corresponding type declarations.[0m [1m[35m[plugin angular-compiler][0m

    src/app/owner/settings/business/business-settings.component.spec.ts:7:33:
[37m      7 ‚îÇ import { InventoryService } from [32m'../../services/inventory.service'[37m;
        ‚ïµ                                  [32m~~~~~~~~~~~~~~~~~~~~~~~~~~~~~~~~~~[0m


[31m‚úò [41;31m[[41;97mERROR[41;31m][0m [1mCould not resolve "../../shared/services/loading.service"[0m

    src/app/owner/settings/business/business-settings.component.spec.ts:8:31:
[37m      8 ‚îÇ ...rt { LoadingService } from [32m'../../shared/services/loading.service'[37m;
        ‚ïµ                               [32m~~~~~~~~~~~~~~~~~~~~~~~~~~~~~~~~~~~~~~~[0m


[31m‚úò [41;31m[[41;97mERROR[41;31m][0m [1mTS2307: Cannot find module '../../shared/services/loading.service' or its corresponding type declarations.[0m [1m[35m[plugin angular-compiler][0m

    src/app/owner/settings/business/business-settings.component.spec.ts:8:31:
[37m      8 ‚îÇ ...rt { LoadingService } from [32m'../../shared/services/loading.service'[37m;
        ‚ïµ                               [32m~~~~~~~~~~~~~~~~~~~~~~~~~~~~~~~~~~~~~~~[0m


[31m‚úò [41;31m[[41;97mERROR[41;31m][0m [1mCould not resolve "../../models/inventory.model"[0m

    src/app/owner/settings/business/business-settings.component.spec.ts:9:42:
[37m      9 ‚îÇ ... { ItemCondition, ItemStatus } from [32m'../../models/inventory.model'[37m;
        ‚ïµ                                        [32m~~~~~~~~~~~~~~~~~~~~~~~~~~~~~~[0m


[31m‚úò [41;31m[[41;97mERROR[41;31m][0m [1mTS2307: Cannot find module '../../models/inventory.model' or its corresponding type declarations.[0m [1m[35m[plugin angular-compiler][0m

    src/app/owner/settings/business/business-settings.component.spec.ts:16:7:
[37m      16 ‚îÇ } from [32m'../../models/inventory.model'[37m;
         ‚ïµ        [32m~~~~~~~~~~~~~~~~~~~~~~~~~~~~~~[0m


Watch mode enabled. Watching for file changes...
