‚ùØ Building...
‚úî Building...
Application bundle generation failed. [31.494 seconds] - 2026-01-04T18:38:44.435Z

[31m‚úò [41;31m[[41;97mERROR[41;31m][0m [1mTS2551: Property 'categoryId' does not exist on type 'ItemDetailDto'. Did you mean 'category'?[0m [1m[35m[plugin angular-compiler][0m

    src/app/owner/components/item-form-modal.component.ts:103:37:
[37m      103 ‚îÇ         categoryId: this.editingItem.[32mcategoryId[37m || '',
          ‚ïµ                                      [32m~~~~~~~~~~[0m

  'category' is declared here.

    src/app/models/inventory.model.ts:30:2:
[37m      30 ‚îÇ   [32mcategory[37m?: string;
         ‚ïµ   [32m~~~~~~~~[0m


[31m‚úò [41;31m[[41;97mERROR[41;31m][0m [1mTS2339: Property 'ngOnInit' does not exist on type 'ItemSearchComponent'.[0m [1m[35m[plugin angular-compiler][0m

    src/app/owner/components/item-search.component.spec.ts:68:14:
[37m      68 ‚îÇ     component.[32mngOnInit[37m();
         ‚ïµ               [32m~~~~~~~~[0m


[31m‚úò [41;31m[[41;97mERROR[41;31m][0m [1mTS2339: Property 'allItems' does not exist on type 'ItemSearchComponent'.[0m [1m[35m[plugin angular-compiler][0m

    src/app/owner/components/item-search.component.spec.ts:72:21:
[37m      72 ‚îÇ     expect(component.[32mallItems[37m()).toEqual(mockItems);
         ‚ïµ                      [32m~~~~~~~~[0m


[31m‚úò [41;31m[[41;97mERROR[41;31m][0m [1mTS2339: Property 'isLoading' does not exist on type 'ItemSearchComponent'.[0m [1m[35m[plugin angular-compiler][0m

    src/app/owner/components/item-search.component.spec.ts:73:21:
[37m      73 ‚îÇ     expect(component.[32misLoading[37m()).toBe(false);
         ‚ïµ                      [32m~~~~~~~~~[0m


[31m‚úò [41;31m[[41;97mERROR[41;31m][0m [1mTS2339: Property 'ngOnInit' does not exist on type 'ItemSearchComponent'.[0m [1m[35m[plugin angular-compiler][0m

    src/app/owner/components/item-search.component.spec.ts:81:14:
[37m      81 ‚îÇ     component.[32mngOnInit[37m();
         ‚ïµ               [32m~~~~~~~~[0m


[31m‚úò [41;31m[[41;97mERROR[41;31m][0m [1mTS2339: Property 'isLoading' does not exist on type 'ItemSearchComponent'.[0m [1m[35m[plugin angular-compiler][0m

    src/app/owner/components/item-search.component.spec.ts:84:21:
[37m      84 ‚îÇ     expect(component.[32misLoading[37m()).toBe(false);
         ‚ïµ                      [32m~~~~~~~~~[0m


[31m‚úò [41;31m[[41;97mERROR[41;31m][0m [1mTS2339: Property 'allItems' does not exist on type 'ItemSearchComponent'.[0m [1m[35m[plugin angular-compiler][0m

    src/app/owner/components/item-search.component.spec.ts:89:14:
[37m      89 ‚îÇ     component.[32mallItems[37m.set(mockItems);
         ‚ïµ               [32m~~~~~~~~[0m


[31m‚úò [41;31m[[41;97mERROR[41;31m][0m [1mTS2339: Property 'searchQuery' does not exist on type 'ItemSearchComponent'.[0m [1m[35m[plugin angular-compiler][0m

    src/app/owner/components/item-search.component.spec.ts:90:14:
[37m      90 ‚îÇ     component.[32msearchQuery[37m = 'test';
         ‚ïµ               [32m~~~~~~~~~~~[0m


[31m‚úò [41;31m[[41;97mERROR[41;31m][0m [1mTS2339: Property 'displayedItems' does not exist on type 'ItemSearchComponent'.[0m [1m[35m[plugin angular-compiler][0m

    src/app/owner/components/item-search.component.spec.ts:92:31:
[37m      92 ‚îÇ     const filtered = component.[32mdisplayedItems[37m();
         ‚ïµ                                [32m~~~~~~~~~~~~~~[0m


[31m‚úò [41;31m[[41;97mERROR[41;31m][0m [1mTS2339: Property 'allItems' does not exist on type 'ItemSearchComponent'.[0m [1m[35m[plugin angular-compiler][0m

    src/app/owner/components/item-search.component.spec.ts:100:14:
[37m      100 ‚îÇ     component.[32mallItems[37m.set(mockItems);
          ‚ïµ               [32m~~~~~~~~[0m


[31m‚úò [41;31m[[41;97mERROR[41;31m][0m [1mTS2339: Property 'searchQuery' does not exist on type 'ItemSearchComponent'.[0m [1m[35m[plugin angular-compiler][0m

    src/app/owner/components/item-search.component.spec.ts:101:14:
[37m      101 ‚îÇ     component.[32msearchQuery[37m = 'WIDGET';
          ‚ïµ               [32m~~~~~~~~~~~[0m


[31m‚úò [41;31m[[41;97mERROR[41;31m][0m [1mTS2339: Property 'displayedItems' does not exist on type 'ItemSearchComponent'.[0m [1m[35m[plugin angular-compiler][0m

    src/app/owner/components/item-search.component.spec.ts:103:31:
[37m      103 ‚îÇ     const filtered = component.[32mdisplayedItems[37m();
          ‚ïµ                                [32m~~~~~~~~~~~~~~[0m


[31m‚úò [41;31m[[41;97mERROR[41;31m][0m [1mTS2339: Property 'allItems' does not exist on type 'ItemSearchComponent'.[0m [1m[35m[plugin angular-compiler][0m

    src/app/owner/components/item-search.component.spec.ts:110:14:
[37m      110 ‚îÇ     component.[32mallItems[37m.set(mockItems);
          ‚ïµ               [32m~~~~~~~~[0m


[31m‚úò [41;31m[[41;97mERROR[41;31m][0m [1mTS2339: Property 'searchQuery' does not exist on type 'ItemSearchComponent'.[0m [1m[35m[plugin angular-compiler][0m

    src/app/owner/components/item-search.component.spec.ts:111:14:
[37m      111 ‚îÇ     component.[32msearchQuery[37m = 'Widget Maker';
          ‚ïµ               [32m~~~~~~~~~~~[0m


[31m‚úò [41;31m[[41;97mERROR[41;31m][0m [1mTS2339: Property 'displayedItems' does not exist on type 'ItemSearchComponent'.[0m [1m[35m[plugin angular-compiler][0m

    src/app/owner/components/item-search.component.spec.ts:113:31:
[37m      113 ‚îÇ     const filtered = component.[32mdisplayedItems[37m();
          ‚ïµ                                [32m~~~~~~~~~~~~~~[0m


[31m‚úò [41;31m[[41;97mERROR[41;31m][0m [1mTS2339: Property 'allItems' does not exist on type 'ItemSearchComponent'.[0m [1m[35m[plugin angular-compiler][0m

    src/app/owner/components/item-search.component.spec.ts:130:14:
[37m      130 ‚îÇ     component.[32mallItems[37m.set(manyItems);
          ‚ïµ               [32m~~~~~~~~[0m


[31m‚úò [41;31m[[41;97mERROR[41;31m][0m [1mTS2339: Property 'searchQuery' does not exist on type 'ItemSearchComponent'.[0m [1m[35m[plugin angular-compiler][0m

    src/app/owner/components/item-search.component.spec.ts:131:14:
[37m      131 ‚îÇ     component.[32msearchQuery[37m = '';
          ‚ïµ               [32m~~~~~~~~~~~[0m


[31m‚úò [41;31m[[41;97mERROR[41;31m][0m [1mTS2339: Property 'displayedItems' does not exist on type 'ItemSearchComponent'.[0m [1m[35m[plugin angular-compiler][0m

    src/app/owner/components/item-search.component.spec.ts:133:31:
[37m      133 ‚îÇ     const filtered = component.[32mdisplayedItems[37m();
          ‚ïµ                                [32m~~~~~~~~~~~~~~[0m


[31m‚úò [41;31m[[41;97mERROR[41;31m][0m [1mTS2339: Property 'ngOnInit' does not exist on type 'ItemSearchComponent'.[0m [1m[35m[plugin angular-compiler][0m

    src/app/owner/components/item-search.component.spec.ts:140:14:
[37m      140 ‚îÇ     component.[32mngOnInit[37m();
          ‚ïµ               [32m~~~~~~~~[0m


[31m‚úò [41;31m[[41;97mERROR[41;31m][0m [1mTS2339: Property 'onSearchInput' does not exist on type 'ItemSearchComponent'.[0m [1m[35m[plugin angular-compiler][0m

    src/app/owner/components/item-search.component.spec.ts:152:14:
[37m      152 ‚îÇ     component.[32monSearchInput[37m(inputEvent);
          ‚ïµ               [32m~~~~~~~~~~~~~[0m


[31m‚úò [41;31m[[41;97mERROR[41;31m][0m [1mTS2339: Property 'allItems' does not exist on type 'ItemSearchComponent'.[0m [1m[35m[plugin angular-compiler][0m

    src/app/owner/components/item-search.component.spec.ts:162:21:
[37m      162 ‚îÇ     expect(component.[32mallItems[37m()).toEqual([mockItems[0]]);
          ‚ïµ                      [32m~~~~~~~~[0m


[31m‚úò [41;31m[[41;97mERROR[41;31m][0m [1mTS2339: Property 'ngOnInit' does not exist on type 'ItemSearchComponent'.[0m [1m[35m[plugin angular-compiler][0m

    src/app/owner/components/item-search.component.spec.ts:167:14:
[37m      167 ‚îÇ     component.[32mngOnInit[37m();
          ‚ïµ               [32m~~~~~~~~[0m


[31m‚úò [41;31m[[41;97mERROR[41;31m][0m [1mTS2339: Property 'onSearchInput' does not exist on type 'ItemSearchComponent'.[0m [1m[35m[plugin angular-compiler][0m

    src/app/owner/components/item-search.component.spec.ts:180:14:
[37m      180 ‚îÇ     component.[32monSearchInput[37m(inputEvent);
          ‚ïµ               [32m~~~~~~~~~~~~~[0m


[31m‚úò [41;31m[[41;97mERROR[41;31m][0m [1mTS2339: Property 'isLoading' does not exist on type 'ItemSearchComponent'.[0m [1m[35m[plugin angular-compiler][0m

    src/app/owner/components/item-search.component.spec.ts:184:21:
[37m      184 ‚îÇ     expect(component.[32misLoading[37m()).toBe(false);
          ‚ïµ                      [32m~~~~~~~~~[0m


[31m‚úò [41;31m[[41;97mERROR[41;31m][0m [1mTS2339: Property 'itemSelected' does not exist on type 'ItemSearchComponent'.[0m [1m[35m[plugin angular-compiler][0m

    src/app/owner/components/item-search.component.spec.ts:189:20:
[37m      189 ‚îÇ     spyOn(component.[32mitemSelected[37m, 'emit');
          ‚ïµ                     [32m~~~~~~~~~~~~[0m


[31m‚úò [41;31m[[41;97mERROR[41;31m][0m [1mTS2339: Property 'selectItem' does not exist on type 'ItemSearchComponent'.[0m [1m[35m[plugin angular-compiler][0m

    src/app/owner/components/item-search.component.spec.ts:191:14:
[37m      191 ‚îÇ     component.[32mselectItem[37m(mockItems[0]);
          ‚ïµ               [32m~~~~~~~~~~[0m


[31m‚úò [41;31m[[41;97mERROR[41;31m][0m [1mTS2339: Property 'itemSelected' does not exist on type 'ItemSearchComponent'.[0m [1m[35m[plugin angular-compiler][0m

    src/app/owner/components/item-search.component.spec.ts:193:21:
[37m      193 ‚îÇ     expect(component.[32mitemSelected[37m.emit).toHaveBeenCalledWith(mock...
          ‚ïµ                      [32m~~~~~~~~~~~~[0m


[31m‚úò [41;31m[[41;97mERROR[41;31m][0m [1mTS2339: Property 'itemSelected' does not exist on type 'ItemSearchComponent'.[0m [1m[35m[plugin angular-compiler][0m

    src/app/owner/components/item-search.component.spec.ts:197:20:
[37m      197 ‚îÇ     spyOn(component.[32mitemSelected[37m, 'emit');
          ‚ïµ                     [32m~~~~~~~~~~~~[0m


[31m‚úò [41;31m[[41;97mERROR[41;31m][0m [1mTS2339: Property 'selectItem' does not exist on type 'ItemSearchComponent'.[0m [1m[35m[plugin angular-compiler][0m

    src/app/owner/components/item-search.component.spec.ts:201:14:
[37m      201 ‚îÇ     component.[32mselectItem[37m(mockItems[0]); // Item with id '1'
          ‚ïµ               [32m~~~~~~~~~~[0m


[31m‚úò [41;31m[[41;97mERROR[41;31m][0m [1mTS2339: Property 'itemSelected' does not exist on type 'ItemSearchComponent'.[0m [1m[35m[plugin angular-compiler][0m

    src/app/owner/components/item-search.component.spec.ts:203:21:
[37m      203 ‚îÇ     expect(component.[32mitemSelected[37m.emit).not.toHaveBeenCalled();
          ‚ïµ                      [32m~~~~~~~~~~~~[0m


[31m‚úò [41;31m[[41;97mERROR[41;31m][0m [1mTS2339: Property 'itemSelected' does not exist on type 'ItemSearchComponent'.[0m [1m[35m[plugin angular-compiler][0m

    src/app/owner/components/item-search.component.spec.ts:207:20:
[37m      207 ‚îÇ     spyOn(component.[32mitemSelected[37m, 'emit');
          ‚ïµ                     [32m~~~~~~~~~~~~[0m


[31m‚úò [41;31m[[41;97mERROR[41;31m][0m [1mTS2339: Property 'selectItem' does not exist on type 'ItemSearchComponent'.[0m [1m[35m[plugin angular-compiler][0m

    src/app/owner/components/item-search.component.spec.ts:211:14:
[37m      211 ‚îÇ     component.[32mselectItem[37m(mockItems[1]); // Item with id '2'
          ‚ïµ               [32m~~~~~~~~~~[0m


[31m‚úò [41;31m[[41;97mERROR[41;31m][0m [1mTS2339: Property 'itemSelected' does not exist on type 'ItemSearchComponent'.[0m [1m[35m[plugin angular-compiler][0m

    src/app/owner/components/item-search.component.spec.ts:213:21:
[37m      213 ‚îÇ     expect(component.[32mitemSelected[37m.emit).toHaveBeenCalledWith(mock...
          ‚ïµ                      [32m~~~~~~~~~~~~[0m


[31m‚úò [41;31m[[41;97mERROR[41;31m][0m [1mTS2339: Property 'ngOnInit' does not exist on type 'ItemSearchComponent'.[0m [1m[35m[plugin angular-compiler][0m

    src/app/owner/components/item-search.component.spec.ts:218:14:
[37m      218 ‚îÇ     component.[32mngOnInit[37m();
          ‚ïµ               [32m~~~~~~~~[0m


[31m‚úò [41;31m[[41;97mERROR[41;31m][0m [1mTS2339: Property 'onSearchInput' does not exist on type 'ItemSearchComponent'.[0m [1m[35m[plugin angular-compiler][0m

    src/app/owner/components/item-search.component.spec.ts:228:14:
[37m      228 ‚îÇ     component.[32monSearchInput[37m(inputEvent);
          ‚ïµ               [32m~~~~~~~~~~~~~[0m


[31m‚úò [41;31m[[41;97mERROR[41;31m][0m [1mTS2339: Property 'onSearchInput' does not exist on type 'ItemSearchComponent'.[0m [1m[35m[plugin angular-compiler][0m

    src/app/owner/components/item-search.component.spec.ts:240:14:
[37m      240 ‚îÇ     component.[32monSearchInput[37m(inputEvent);
          ‚ïµ               [32m~~~~~~~~~~~~~[0m


[31m‚úò [41;31m[[41;97mERROR[41;31m][0m [1mTS2339: Property 'searchQuery' does not exist on type 'ItemSearchComponent'.[0m [1m[35m[plugin angular-compiler][0m

    src/app/owner/components/item-search.component.spec.ts:242:21:
[37m      242 ‚îÇ     expect(component.[32msearchQuery[37m).toBe('new search term');
          ‚ïµ                      [32m~~~~~~~~~~~[0m


[31m‚úò [41;31m[[41;97mERROR[41;31m][0m [1mTS2339: Property 'allItems' does not exist on type 'ItemSearchComponent'.[0m [1m[35m[plugin angular-compiler][0m

    src/app/owner/components/item-search.component.spec.ts:246:14:
[37m      246 ‚îÇ     component.[32mallItems[37m.set(mockItems);
          ‚ïµ               [32m~~~~~~~~[0m


[31m‚úò [41;31m[[41;97mERROR[41;31m][0m [1mTS2339: Property 'searchQuery' does not exist on type 'ItemSearchComponent'.[0m [1m[35m[plugin angular-compiler][0m

    src/app/owner/components/item-search.component.spec.ts:247:14:
[37m      247 ‚îÇ     component.[32msearchQuery[37m = 'TEST'; // Uppercase
          ‚ïµ               [32m~~~~~~~~~~~[0m


[31m‚úò [41;31m[[41;97mERROR[41;31m][0m [1mTS2339: Property 'displayedItems' does not exist on type 'ItemSearchComponent'.[0m [1m[35m[plugin angular-compiler][0m

    src/app/owner/components/item-search.component.spec.ts:249:31:
[37m      249 ‚îÇ     const filtered = component.[32mdisplayedItems[37m();
          ‚ïµ                                [32m~~~~~~~~~~~~~~[0m


[31m‚úò [41;31m[[41;97mERROR[41;31m][0m [1mTS2339: Property 'basicInfoForm' does not exist on type 'StoreProfileBasicInfoComponent'.[0m [1m[35m[plugin angular-compiler][0m

    src/app/owner/settings/profile/basic-info/store-profile-basic-info.component.spec.ts:44:27:
[37m      44 ‚îÇ     const form = component.[32mbasicInfoForm[37m;
         ‚ïµ                            [32m~~~~~~~~~~~~~[0m


[31m‚úò [41;31m[[41;97mERROR[41;31m][0m [1mTS2339: Property 'basicInfoForm' does not exist on type 'StoreProfileBasicInfoComponent'.[0m [1m[35m[plugin angular-compiler][0m

    src/app/owner/settings/profile/basic-info/store-profile-basic-info.component.spec.ts:78:21:
[37m      78 ‚îÇ     expect(component.[32mbasicInfoForm[37m.get('storeName')?.value).toBe('...
         ‚ïµ                      [32m~~~~~~~~~~~~~[0m


[31m‚úò [41;31m[[41;97mERROR[41;31m][0m [1mTS2339: Property 'basicInfoForm' does not exist on type 'StoreProfileBasicInfoComponent'.[0m [1m[35m[plugin angular-compiler][0m

    src/app/owner/settings/profile/basic-info/store-profile-basic-info.component.spec.ts:79:21:
[37m      79 ‚îÇ     expect(component.[32mbasicInfoForm[37m.get('description')?.value).toBe...
         ‚ïµ                      [32m~~~~~~~~~~~~~[0m


[31m‚úò [41;31m[[41;97mERROR[41;31m][0m [1mTS2339: Property 'basicInfoForm' does not exist on type 'StoreProfileBasicInfoComponent'.[0m [1m[35m[plugin angular-compiler][0m

    src/app/owner/settings/profile/basic-info/store-profile-basic-info.component.spec.ts:80:21:
[37m      80 ‚îÇ     expect(component.[32mbasicInfoForm[37m.get('contact.phone')?.value).to...
         ‚ïµ                      [32m~~~~~~~~~~~~~[0m


[31m‚úò [41;31m[[41;97mERROR[41;31m][0m [1mTS2339: Property 'basicInfoForm' does not exist on type 'StoreProfileBasicInfoComponent'.[0m [1m[35m[plugin angular-compiler][0m

    src/app/owner/settings/profile/basic-info/store-profile-basic-info.component.spec.ts:81:21:
[37m      81 ‚îÇ     expect(component.[32mbasicInfoForm[37m.get('contact.email')?.value).to...
         ‚ïµ                      [32m~~~~~~~~~~~~~[0m


[31m‚úò [41;31m[[41;97mERROR[41;31m][0m [1mTS2339: Property 'basicInfoForm' does not exist on type 'StoreProfileBasicInfoComponent'.[0m [1m[35m[plugin angular-compiler][0m

    src/app/owner/settings/profile/basic-info/store-profile-basic-info.component.spec.ts:82:21:
[37m      82 ‚îÇ     expect(component.[32mbasicInfoForm[37m.get('contact.website')?.value)....
         ‚ïµ                      [32m~~~~~~~~~~~~~[0m


[31m‚úò [41;31m[[41;97mERROR[41;31m][0m [1mTS2339: Property 'basicInfoForm' does not exist on type 'StoreProfileBasicInfoComponent'.[0m [1m[35m[plugin angular-compiler][0m

    src/app/owner/settings/profile/basic-info/store-profile-basic-info.component.spec.ts:83:21:
[37m      83 ‚îÇ     expect(component.[32mbasicInfoForm[37m.get('address.street1')?.value)....
         ‚ïµ                      [32m~~~~~~~~~~~~~[0m


[31m‚úò [41;31m[[41;97mERROR[41;31m][0m [1mTS2339: Property 'basicInfoForm' does not exist on type 'StoreProfileBasicInfoComponent'.[0m [1m[35m[plugin angular-compiler][0m

    src/app/owner/settings/profile/basic-info/store-profile-basic-info.component.spec.ts:84:21:
[37m      84 ‚îÇ     expect(component.[32mbasicInfoForm[37m.get('address.street2')?.value)....
         ‚ïµ                      [32m~~~~~~~~~~~~~[0m


[31m‚úò [41;31m[[41;97mERROR[41;31m][0m [1mTS2339: Property 'basicInfoForm' does not exist on type 'StoreProfileBasicInfoComponent'.[0m [1m[35m[plugin angular-compiler][0m

    src/app/owner/settings/profile/basic-info/store-profile-basic-info.component.spec.ts:85:21:
[37m      85 ‚îÇ     expect(component.[32mbasicInfoForm[37m.get('address.city')?.value).toB...
         ‚ïµ                      [32m~~~~~~~~~~~~~[0m


[31m‚úò [41;31m[[41;97mERROR[41;31m][0m [1mTS2339: Property 'basicInfoForm' does not exist on type 'StoreProfileBasicInfoComponent'.[0m [1m[35m[plugin angular-compiler][0m

    src/app/owner/settings/profile/basic-info/store-profile-basic-info.component.spec.ts:86:21:
[37m      86 ‚îÇ     expect(component.[32mbasicInfoForm[37m.get('address.state')?.value).to...
         ‚ïµ                      [32m~~~~~~~~~~~~~[0m


[31m‚úò [41;31m[[41;97mERROR[41;31m][0m [1mTS2339: Property 'basicInfoForm' does not exist on type 'StoreProfileBasicInfoComponent'.[0m [1m[35m[plugin angular-compiler][0m

    src/app/owner/settings/profile/basic-info/store-profile-basic-info.component.spec.ts:87:21:
[37m      87 ‚îÇ     expect(component.[32mbasicInfoForm[37m.get('address.zipCode')?.value)....
         ‚ïµ                      [32m~~~~~~~~~~~~~[0m


[31m‚úò [41;31m[[41;97mERROR[41;31m][0m [1mTS2339: Property 'basicInfoForm' does not exist on type 'StoreProfileBasicInfoComponent'.[0m [1m[35m[plugin angular-compiler][0m

    src/app/owner/settings/profile/basic-info/store-profile-basic-info.component.spec.ts:94:35:
[37m      94 ‚îÇ ...const phoneControl = component.[32mbasicInfoForm[37m.get('contact.phone');
         ‚ïµ                                   [32m~~~~~~~~~~~~~[0m


[31m‚úò [41;31m[[41;97mERROR[41;31m][0m [1mTS2339: Property 'basicInfoForm' does not exist on type 'StoreProfileBasicInfoComponent'.[0m [1m[35m[plugin angular-compiler][0m

    src/app/owner/settings/profile/basic-info/store-profile-basic-info.component.spec.ts:119:35:
[37m      119 ‚îÇ ...onst emailControl = component.[32mbasicInfoForm[37m.get('contact.email');
          ‚ïµ                                  [32m~~~~~~~~~~~~~[0m


[31m‚úò [41;31m[[41;97mERROR[41;31m][0m [1mTS2339: Property 'basicInfoForm' does not exist on type 'StoreProfileBasicInfoComponent'.[0m [1m[35m[plugin angular-compiler][0m

    src/app/owner/settings/profile/basic-info/store-profile-basic-info.component.spec.ts:134:37:
[37m      134 ‚îÇ ... websiteControl = component.[32mbasicInfoForm[37m.get('contact.website');
          ‚ïµ                                [32m~~~~~~~~~~~~~[0m


[31m‚úò [41;31m[[41;97mERROR[41;31m][0m [1mTS2339: Property 'basicInfoForm' does not exist on type 'StoreProfileBasicInfoComponent'.[0m [1m[35m[plugin angular-compiler][0m

    src/app/owner/settings/profile/basic-info/store-profile-basic-info.component.spec.ts:151:33:
[37m      151 ‚îÇ ...onst zipControl = component.[32mbasicInfoForm[37m.get('address.zipCode');
          ‚ïµ                                [32m~~~~~~~~~~~~~[0m


[31m‚úò [41;31m[[41;97mERROR[41;31m][0m [1mTS2339: Property 'basicInfoForm' does not exist on type 'StoreProfileBasicInfoComponent'.[0m [1m[35m[plugin angular-compiler][0m

    src/app/owner/settings/profile/basic-info/store-profile-basic-info.component.spec.ts:171:14:
[37m      171 ‚îÇ     component.[32mbasicInfoForm[37m.get('storeName')?.setValue('Test Stor...
          ‚ïµ               [32m~~~~~~~~~~~~~[0m


[31m‚úò [41;31m[[41;97mERROR[41;31m][0m [1mTS2339: Property 'getCharacterCount' does not exist on type 'StoreProfileBasicInfoComponent'.[0m [1m[35m[plugin angular-compiler][0m

    src/app/owner/settings/profile/basic-info/store-profile-basic-info.component.spec.ts:172:21:
[37m      172 ‚îÇ     expect(component.[32mgetCharacterCount[37m('storeName')).toBe(10);
          ‚ïµ                      [32m~~~~~~~~~~~~~~~~~[0m


[31m‚úò [41;31m[[41;97mERROR[41;31m][0m [1mTS2339: Property 'basicInfoForm' does not exist on type 'StoreProfileBasicInfoComponent'.[0m [1m[35m[plugin angular-compiler][0m

    src/app/owner/settings/profile/basic-info/store-profile-basic-info.component.spec.ts:174:14:
[37m      174 ‚îÇ     component.[32mbasicInfoForm[37m.get('description')?.setValue('This is...
          ‚ïµ               [32m~~~~~~~~~~~~~[0m


[31m‚úò [41;31m[[41;97mERROR[41;31m][0m [1mTS2339: Property 'getCharacterCount' does not exist on type 'StoreProfileBasicInfoComponent'.[0m [1m[35m[plugin angular-compiler][0m

    src/app/owner/settings/profile/basic-info/store-profile-basic-info.component.spec.ts:175:21:
[37m      175 ‚îÇ     expect(component.[32mgetCharacterCount[37m('description')).toBe(26);
          ‚ïµ                      [32m~~~~~~~~~~~~~~~~~[0m


[31m‚úò [41;31m[[41;97mERROR[41;31m][0m [1mTS2339: Property 'basicInfoForm' does not exist on type 'StoreProfileBasicInfoComponent'.[0m [1m[35m[plugin angular-compiler][0m

    src/app/owner/settings/profile/basic-info/store-profile-basic-info.component.spec.ts:182:14:
[37m      182 ‚îÇ     component.[32mbasicInfoForm[37m.get('storeName')?.setValue(longStoreN...
          ‚ïµ               [32m~~~~~~~~~~~~~[0m


[31m‚úò [41;31m[[41;97mERROR[41;31m][0m [1mTS2339: Property 'basicInfoForm' does not exist on type 'StoreProfileBasicInfoComponent'.[0m [1m[35m[plugin angular-compiler][0m

    src/app/owner/settings/profile/basic-info/store-profile-basic-info.component.spec.ts:183:21:
[37m      183 ‚îÇ     expect(component.[32mbasicInfoForm[37m.get('storeName')?.hasError('ma...
          ‚ïµ                      [32m~~~~~~~~~~~~~[0m


[31m‚úò [41;31m[[41;97mERROR[41;31m][0m [1mTS2339: Property 'basicInfoForm' does not exist on type 'StoreProfileBasicInfoComponent'.[0m [1m[35m[plugin angular-compiler][0m

    src/app/owner/settings/profile/basic-info/store-profile-basic-info.component.spec.ts:186:14:
[37m      186 ‚îÇ     component.[32mbasicInfoForm[37m.get('description')?.setValue(longDesc...
          ‚ïµ               [32m~~~~~~~~~~~~~[0m


[31m‚úò [41;31m[[41;97mERROR[41;31m][0m [1mTS2339: Property 'basicInfoForm' does not exist on type 'StoreProfileBasicInfoComponent'.[0m [1m[35m[plugin angular-compiler][0m

    src/app/owner/settings/profile/basic-info/store-profile-basic-info.component.spec.ts:187:21:
[37m      187 ‚îÇ     expect(component.[32mbasicInfoForm[37m.get('description')?.hasError('...
          ‚ïµ                      [32m~~~~~~~~~~~~~[0m


[31m‚úò [41;31m[[41;97mERROR[41;31m][0m [1mTS2339: Property 'basicInfoForm' does not exist on type 'StoreProfileBasicInfoComponent'.[0m [1m[35m[plugin angular-compiler][0m

    src/app/owner/settings/profile/basic-info/store-profile-basic-info.component.spec.ts:196:14:
[37m      196 ‚îÇ     component.[32mbasicInfoForm[37m.patchValue({
          ‚ïµ               [32m~~~~~~~~~~~~~[0m


[31m‚úò [41;31m[[41;97mERROR[41;31m][0m [1mTS2339: Property 'successMessage' does not exist on type 'StoreProfileBasicInfoComponent'.[0m [1m[35m[plugin angular-compiler][0m

    src/app/owner/settings/profile/basic-info/store-profile-basic-info.component.spec.ts:237:21:
[37m      237 ‚îÇ     expect(component.[32msuccessMessage[37m()).toBe('Basic information sa...
          ‚ïµ                      [32m~~~~~~~~~~~~~~[0m


[31m‚úò [41;31m[[41;97mERROR[41;31m][0m [1mTS2339: Property 'basicInfoForm' does not exist on type 'StoreProfileBasicInfoComponent'.[0m [1m[35m[plugin angular-compiler][0m

    src/app/owner/settings/profile/basic-info/store-profile-basic-info.component.spec.ts:251:21:
[37m      251 ‚îÇ     expect(component.[32mbasicInfoForm[37m.get('storeName')?.touched).toB...
          ‚ïµ                      [32m~~~~~~~~~~~~~[0m


[31m‚úò [41;31m[[41;97mERROR[41;31m][0m [1mTS2339: Property 'basicInfoForm' does not exist on type 'StoreProfileBasicInfoComponent'.[0m [1m[35m[plugin angular-compiler][0m

    src/app/owner/settings/profile/basic-info/store-profile-basic-info.component.spec.ts:260:14:
[37m      260 ‚îÇ     component.[32mbasicInfoForm[37m.patchValue({
          ‚ïµ               [32m~~~~~~~~~~~~~[0m


[31m‚úò [41;31m[[41;97mERROR[41;31m][0m [1mTS2339: Property 'errorMessage' does not exist on type 'StoreProfileBasicInfoComponent'.[0m [1m[35m[plugin angular-compiler][0m

    src/app/owner/settings/profile/basic-info/store-profile-basic-info.component.spec.ts:286:21:
[37m      286 ‚îÇ     expect(component.[32merrorMessage[37m()).toBe('Failed to save basic i...
          ‚ïµ                      [32m~~~~~~~~~~~~[0m


[31m‚úò [41;31m[[41;97mERROR[41;31m][0m [1mTS2339: Property 'onPreview' does not exist on type 'StoreProfileBasicInfoComponent'.[0m [1m[35m[plugin angular-compiler][0m

    src/app/owner/settings/profile/basic-info/store-profile-basic-info.component.spec.ts:292:14:
[37m      292 ‚îÇ     component.[32monPreview[37m();
          ‚ïµ               [32m~~~~~~~~~[0m


[31m‚úò [41;31m[[41;97mERROR[41;31m][0m [1mTS2339: Property 'successMessage' does not exist on type 'StoreProfileBasicInfoComponent'.[0m [1m[35m[plugin angular-compiler][0m

    src/app/owner/settings/profile/basic-info/store-profile-basic-info.component.spec.ts:293:21:
[37m      293 ‚îÇ     expect(component.[32msuccessMessage[37m()).toBe('Preview functionalit...
          ‚ïµ                      [32m~~~~~~~~~~~~~~[0m


[31m‚úò [41;31m[[41;97mERROR[41;31m][0m [1mTS2339: Property 'successMessage' does not exist on type 'StoreProfileBasicInfoComponent'.[0m [1m[35m[plugin angular-compiler][0m

    src/app/owner/settings/profile/basic-info/store-profile-basic-info.component.spec.ts:298:21:
[37m      298 ‚îÇ     expect(component.[32msuccessMessage[37m()).toBe('Test message');
          ‚ïµ                      [32m~~~~~~~~~~~~~~[0m


[31m‚úò [41;31m[[41;97mERROR[41;31m][0m [1mTS2339: Property 'successMessage' does not exist on type 'StoreProfileBasicInfoComponent'.[0m [1m[35m[plugin angular-compiler][0m

    src/app/owner/settings/profile/basic-info/store-profile-basic-info.component.spec.ts:301:21:
[37m      301 ‚îÇ     expect(component.[32msuccessMessage[37m()).toBe('');
          ‚ïµ                      [32m~~~~~~~~~~~~~~[0m


